<?xml version="1.0" encoding="UTF-8"?>
<!-- Generated by org.testng.reporters.JUnitXMLReporter -->
<testsuite ignored="0" hostname="F4X194LWM6" failures="0" tests="5" name="WebScraping Tests-5" time="17.391" errors="0" timestamp="2024-12-25T17:14:03 IST">
  <testcase classname="WebScrapingTest" name="navigateToWebsite" time="0.0">
    <skipped/>
  </testcase> <!-- navigateToWebsite -->
  <testcase classname="WebScrapingTest" name="verifyLanguage" time="0.0">
    <skipped/>
  </testcase> <!-- verifyLanguage -->
  <testcase classname="WebScrapingTest" name="scrapeArticles" time="0.0">
    <skipped/>
  </testcase> <!-- scrapeArticles -->
  <testcase classname="WebScrapingTest" name="translateArticleHeaders" time="0.0">
    <skipped/>
  </testcase> <!-- translateArticleHeaders -->
  <testcase classname="WebScrapingTest" name="analyseTranslatedHeaders" time="0.0">
    <skipped/>
  </testcase> <!-- analyseTranslatedHeaders -->
</testsuite> <!-- WebScraping Tests-5 -->
