<?xml version="1.0" encoding="UTF-8"?>
<!-- Generated by org.testng.reporters.JUnitXMLReporter -->
<testsuite ignored="0" hostname="F4X194LWM6" failures="0" tests="5" name="WebScraping Tests-2" time="139.436" errors="0" timestamp="2024-12-25T17:16:05 IST">
  <testcase classname="WebScrapingTest" name="navigateToWebsite" time="41.108"/>
  <testcase classname="WebScrapingTest" name="verifyLanguage" time="0.773"/>
  <testcase classname="WebScrapingTest" name="scrapeArticles" time="11.389"/>
  <testcase classname="WebScrapingTest" name="translateArticleHeaders" time="2.469"/>
  <testcase classname="WebScrapingTest" name="analyseTranslatedHeaders" time="0.019"/>
</testsuite> <!-- WebScraping Tests-2 -->
