<?xml version="1.0" encoding="UTF-8"?>
<!-- Generated by org.testng.reporters.JUnitXMLReporter -->
<testsuite ignored="0" hostname="F4X194LWM6" failures="0" tests="5" name="WebScraping Tests-4" time="53.295" errors="0" timestamp="2024-12-25T17:14:39 IST">
  <testcase classname="WebScrapingTest" name="@BeforeClass setup" time="17.116">
    <failure type="org.openqa.selenium.UnsupportedCommandException" message="unsupported operation: Unable to maximize window on Android platform
  (Session info: chrome=128.0.6613.146)
Build info: version: &amp;apos;4.27.0&amp;apos;, revision: &amp;apos;d6e718d134&amp;apos;
System info: os.name: &amp;apos;Mac OS X&amp;apos;, os.arch: &amp;apos;aarch64&amp;apos;, os.version: &amp;apos;15.0&amp;apos;, java.version: &amp;apos;17.0.9&amp;apos;
Driver info: org.openqa.selenium.chrome.ChromeDriver
Command: [e7951530d8f68ec1a36a65eb2cb8c86aeb3ee7cf, maximizeCurrentWindow {}]
Capabilities {appActivity: com.google.android.apps.chr..., appPackage: com.android.chrome, browserName: chrome, chromedriverArgs: [--adb-port=5038], chromedriverPort: 18082, databaseEnabled: false, desired: {browserName: chrome, chromedriverArgs: [--adb-port=5038], chromedriverPort: 18082, deviceName: android, goog:chromeOptions: {args: [--disable-extensions, --remote-allow-origins=*, --proxy-bypass-list=&amp;lt;-loopb..., test-type, --proxy-server=http://185.2..., --disable-features=Translate]}, newCommandTimeout: 0, platformName: Android, skipServerInstallation: true, systemPort: 8202, udid: RZCW127QX4T}, deviceApiLevel: 33, deviceManufacturer: samsung, deviceModel: SM-S918B, deviceName: RZCW127QX4T, deviceScreenDensity: 450, deviceScreenSize: 1080x2316, deviceUDID: RZCW127QX4T, goog:chromeOptions: {args: [--disable-extensions, --remote-allow-origins=*, --proxy-bypass-list=&amp;lt;-loopb..., test-type, --proxy-server=http://185.2..., --disable-features=Translate]}, javascriptEnabled: true, locationContextEnabled: false, networkConnectionEnabled: true, newCommandTimeout: 0, optimalHubUrl: hub-aps.browserstack.com, pixelRatio: 2.8125, platform: LINUX, platformName: ANDROID, platformVersion: 13, skipServerInstallation: true, statBarHeight: 75, systemPort: 8202, takesScreenshot: true, udid: RZCW127QX4T, viewportRect: {height: 2031, left: 0, top: 75, width: 1080}, warnings: {}, webStorageEnabled: false}
Session ID: e7951530d8f68ec1a36a65eb2cb8c86aeb3ee7cf">
      <![CDATA[org.openqa.selenium.UnsupportedCommandException: unsupported operation: Unable to maximize window on Android platform
  (Session info: chrome=128.0.6613.146)
Build info: version: '4.27.0', revision: 'd6e718d134'
System info: os.name: 'Mac OS X', os.arch: 'aarch64', os.version: '15.0', java.version: '17.0.9'
Driver info: org.openqa.selenium.chrome.ChromeDriver
Command: [e7951530d8f68ec1a36a65eb2cb8c86aeb3ee7cf, maximizeCurrentWindow {}]
Capabilities {appActivity: com.google.android.apps.chr..., appPackage: com.android.chrome, browserName: chrome, chromedriverArgs: [--adb-port=5038], chromedriverPort: 18082, databaseEnabled: false, desired: {browserName: chrome, chromedriverArgs: [--adb-port=5038], chromedriverPort: 18082, deviceName: android, goog:chromeOptions: {args: [--disable-extensions, --remote-allow-origins=*, --proxy-bypass-list=<-loopb..., test-type, --proxy-server=http://185.2..., --disable-features=Translate]}, newCommandTimeout: 0, platformName: Android, skipServerInstallation: true, systemPort: 8202, udid: RZCW127QX4T}, deviceApiLevel: 33, deviceManufacturer: samsung, deviceModel: SM-S918B, deviceName: RZCW127QX4T, deviceScreenDensity: 450, deviceScreenSize: 1080x2316, deviceUDID: RZCW127QX4T, goog:chromeOptions: {args: [--disable-extensions, --remote-allow-origins=*, --proxy-bypass-list=<-loopb..., test-type, --proxy-server=http://185.2..., --disable-features=Translate]}, javascriptEnabled: true, locationContextEnabled: false, networkConnectionEnabled: true, newCommandTimeout: 0, optimalHubUrl: hub-aps.browserstack.com, pixelRatio: 2.8125, platform: LINUX, platformName: ANDROID, platformVersion: 13, skipServerInstallation: true, statBarHeight: 75, systemPort: 8202, takesScreenshot: true, udid: RZCW127QX4T, viewportRect: {height: 2031, left: 0, top: 75, width: 1080}, warnings: {}, webStorageEnabled: false}
Session ID: e7951530d8f68ec1a36a65eb2cb8c86aeb3ee7cf
at org.openqa.selenium.remote.ErrorCodec.decode(ErrorCodec.java:167)
at org.openqa.selenium.remote.codec.w3c.W3CHttpResponseCodec.decode(W3CHttpResponseCodec.java:138)
at org.openqa.selenium.remote.codec.w3c.W3CHttpResponseCodec.decode(W3CHttpResponseCodec.java:50)
at org.openqa.selenium.remote.HttpCommandExecutor.execute(HttpCommandExecutor.java:190)
at org.openqa.selenium.remote.RemoteWebDriver.execute(RemoteWebDriver.java:545)
at org.openqa.selenium.remote.RemoteWebDriver.execute(RemoteWebDriver.java:618)
at org.openqa.selenium.remote.RemoteWebDriver.execute(RemoteWebDriver.java:622)
at org.openqa.selenium.remote.RemoteWebDriver$RemoteWebDriverOptions$RemoteWindow.maximize(RemoteWebDriver.java:1061)
at WebScrapingTest.setup(WebScrapingTest.java:29)
at java.base/java.util.concurrent.Executors$RunnableAdapter.call(Executors.java:539)
at java.base/java.util.concurrent.FutureTask.run(FutureTask.java:264)
at java.base/java.util.concurrent.ThreadPoolExecutor.runWorker(ThreadPoolExecutor.java:1136)
at java.base/java.util.concurrent.ThreadPoolExecutor$Worker.run(ThreadPoolExecutor.java:635)
at java.base/java.lang.Thread.run(Thread.java:842)
... Removed 16 stack frames]]>
    </failure>
  </testcase> <!-- @BeforeClass setup -->
  <testcase classname="WebScrapingTest" name="@AfterClass closeBrowser" time="0.0">
    <skipped/>
  </testcase> <!-- @AfterClass closeBrowser -->
  <testcase classname="WebScrapingTest" name="navigateToWebsite" time="11.285"/>
  <testcase classname="WebScrapingTest" name="verifyLanguage" time="0.607"/>
  <testcase classname="WebScrapingTest" name="scrapeArticles" time="11.005"/>
  <testcase classname="WebScrapingTest" name="translateArticleHeaders" time="2.77"/>
  <testcase classname="WebScrapingTest" name="analyseTranslatedHeaders" time="0.021"/>
</testsuite> <!-- WebScraping Tests-4 -->
