<?xml version="1.0" encoding="UTF-8"?>
<!-- Generated by org.testng.reporters.JUnitXMLReporter -->
<testsuite ignored="0" hostname="F4X194LWM6" failures="0" tests="5" name="WebScraping Tests" time="0.425" errors="0" timestamp="2024-12-25T15:36:17 IST">
  <testcase classname="WebScrapingTest" name="@BeforeClass setup" time="0.054">
    <failure type="java.lang.ClassCastException" message="class java.util.ArrayList cannot be cast to class java.util.Map (java.util.ArrayList and java.util.Map are in module java.base of loader &amp;apos;bootstrap&amp;apos;)">
      <![CDATA[java.lang.ClassCastException: class java.util.ArrayList cannot be cast to class java.util.Map (java.util.ArrayList and java.util.Map are in module java.base of loader 'bootstrap')
at YamlReader.getEnvironment(YamlReader.java:17)
at DriverManagerUtil.driverInitialization(DriverManagerUtil.java:34)
at WebScrapingTest.setup(WebScrapingTest.java:26)
at java.base/java.util.concurrent.Executors$RunnableAdapter.call(Executors.java:539)
at java.base/java.util.concurrent.FutureTask.run(FutureTask.java:264)
at java.base/java.util.concurrent.ThreadPoolExecutor.runWorker(ThreadPoolExecutor.java:1136)
at java.base/java.util.concurrent.ThreadPoolExecutor$Worker.run(ThreadPoolExecutor.java:635)
at java.base/java.lang.Thread.run(Thread.java:842)
... Removed 11 stack frames]]>
    </failure>
  </testcase> <!-- @BeforeClass setup -->
  <testcase classname="WebScrapingTest" name="@AfterClass closeBrowser" time="0.0">
    <skipped/>
  </testcase> <!-- @AfterClass closeBrowser -->
  <testcase classname="WebScrapingTest" name="navigateToWebsite" time="0.001">
    <skipped/>
  </testcase> <!-- navigateToWebsite -->
  <testcase classname="WebScrapingTest" name="verifyLanguage" time="0.0">
    <skipped/>
  </testcase> <!-- verifyLanguage -->
  <testcase classname="WebScrapingTest" name="scrapeArticles" time="0.0">
    <skipped/>
  </testcase> <!-- scrapeArticles -->
  <testcase classname="WebScrapingTest" name="translateArticleHeaders" time="0.0">
    <skipped/>
  </testcase> <!-- translateArticleHeaders -->
  <testcase classname="WebScrapingTest" name="analyseTranslatedHeaders" time="0.0">
    <skipped/>
  </testcase> <!-- analyseTranslatedHeaders -->
</testsuite> <!-- WebScraping Tests -->
