<?xml version="1.0" encoding="UTF-8"?>
<!-- Generated by org.testng.reporters.JUnitXMLReporter -->
<testsuite ignored="0" hostname="F4X194LWM6" failures="1" tests="5" name="WebScraping Tests-2" time="85.508" errors="0" timestamp="2024-12-25T15:49:12 IST">
  <testcase classname="WebScrapingTest" name="@AfterClass closeBrowser" time="0.092">
    <failure type="org.openqa.selenium.remote.UnreachableBrowserException" message="Error communicating with the remote browser. It may have died.
Build info: version: &amp;apos;4.27.0&amp;apos;, revision: &amp;apos;d6e718d134&amp;apos;
System info: os.name: &amp;apos;Mac OS X&amp;apos;, os.arch: &amp;apos;aarch64&amp;apos;, os.version: &amp;apos;15.0&amp;apos;, java.version: &amp;apos;17.0.9&amp;apos;
Driver info: org.openqa.selenium.chrome.ChromeDriver
Command: [94461ddd8ae18e0f67815b6b6ec9b99cb46e02e7, quit []]
Capabilities {acceptInsecureCerts: true, browserName: firefox, browserVersion: 133.0, moz:accessibilityChecks: false, moz:buildID: 20241121140525, moz:geckodriverVersion: 0.35.0, moz:headless: false, moz:platformVersion: 10.0, moz:processID: 11100, moz:profile: C:\Windows\proxy\rust_mozpr..., moz:shutdownTimeout: 60000, moz:webdriverClick: true, moz:windowless: false, optimalHubUrl: hub-aps.browserstack.com, pageLoadStrategy: normal, platformName: windows, proxy: Proxy(), setWindowRect: true, strictFileInteractability: false, timeouts: {implicit: 0, pageLoad: 300000, script: 30000}, unhandledPromptBehavior: dismiss and notify, userAgent: Mozilla/5.0 (Windows NT 10...., webdriver.remote.sessionid: 94461ddd8ae18e0f67815b6b6ec...}
Session ID: 94461ddd8ae18e0f67815b6b6ec9b99cb46e02e7">
      <![CDATA[org.openqa.selenium.remote.UnreachableBrowserException: Error communicating with the remote browser. It may have died.
Build info: version: '4.27.0', revision: 'd6e718d134'
System info: os.name: 'Mac OS X', os.arch: 'aarch64', os.version: '15.0', java.version: '17.0.9'
Driver info: org.openqa.selenium.chrome.ChromeDriver
Command: [94461ddd8ae18e0f67815b6b6ec9b99cb46e02e7, quit []]
Capabilities {acceptInsecureCerts: true, browserName: firefox, browserVersion: 133.0, moz:accessibilityChecks: false, moz:buildID: 20241121140525, moz:geckodriverVersion: 0.35.0, moz:headless: false, moz:platformVersion: 10.0, moz:processID: 11100, moz:profile: C:\Windows\proxy\rust_mozpr..., moz:shutdownTimeout: 60000, moz:webdriverClick: true, moz:windowless: false, optimalHubUrl: hub-aps.browserstack.com, pageLoadStrategy: normal, platformName: windows, proxy: Proxy(), setWindowRect: true, strictFileInteractability: false, timeouts: {implicit: 0, pageLoad: 300000, script: 30000}, unhandledPromptBehavior: dismiss and notify, userAgent: Mozilla/5.0 (Windows NT 10...., webdriver.remote.sessionid: 94461ddd8ae18e0f67815b6b6ec...}
Session ID: 94461ddd8ae18e0f67815b6b6ec9b99cb46e02e7
at org.openqa.selenium.remote.RemoteWebDriver.execute(RemoteWebDriver.java:572)
at org.openqa.selenium.remote.RemoteWebDriver.execute(RemoteWebDriver.java:618)
at org.openqa.selenium.remote.RemoteWebDriver.execute(RemoteWebDriver.java:622)
at org.openqa.selenium.remote.RemoteWebDriver.quit(RemoteWebDriver.java:446)
at org.openqa.selenium.chromium.ChromiumDriver.quit(ChromiumDriver.java:436)
at WebScrapingTest.closeBrowser(WebScrapingTest.java:279)
at java.base/java.util.concurrent.Executors$RunnableAdapter.call(Executors.java:539)
at java.base/java.util.concurrent.FutureTask.run(FutureTask.java:264)
at java.base/java.util.concurrent.ThreadPoolExecutor.runWorker(ThreadPoolExecutor.java:1136)
at java.base/java.util.concurrent.ThreadPoolExecutor$Worker.run(ThreadPoolExecutor.java:635)
at java.base/java.lang.Thread.run(Thread.java:842)
Caused by: java.lang.IllegalArgumentException: Unable to find mapping for {value={message=Session not started or terminated}, sessionId=, status=13}
at org.openqa.selenium.remote.ErrorCodec.decode(ErrorCodec.java:152)
at org.openqa.selenium.remote.codec.w3c.W3CHttpResponseCodec.decode(W3CHttpResponseCodec.java:138)
at org.openqa.selenium.remote.codec.w3c.W3CHttpResponseCodec.decode(W3CHttpResponseCodec.java:50)
at org.openqa.selenium.remote.HttpCommandExecutor.execute(HttpCommandExecutor.java:190)
at org.openqa.selenium.remote.RemoteWebDriver.execute(RemoteWebDriver.java:545)
... 22 more
... Removed 12 stack frames]]>
    </failure>
  </testcase> <!-- @AfterClass closeBrowser -->
  <testcase classname="WebScrapingTest" name="navigateToWebsite" time="41.242"/>
  <testcase classname="WebScrapingTest" name="verifyLanguage" time="3.718"/>
  <testcase classname="WebScrapingTest" name="scrapeArticles" time="0.423">
    <failure type="org.openqa.selenium.remote.UnreachableBrowserException" message="Error communicating with the remote browser. It may have died.
Build info: version: &amp;apos;4.27.0&amp;apos;, revision: &amp;apos;d6e718d134&amp;apos;
System info: os.name: &amp;apos;Mac OS X&amp;apos;, os.arch: &amp;apos;aarch64&amp;apos;, os.version: &amp;apos;15.0&amp;apos;, java.version: &amp;apos;17.0.9&amp;apos;
Driver info: org.openqa.selenium.chrome.ChromeDriver
Command: [94461ddd8ae18e0f67815b6b6ec9b99cb46e02e7, clickElement [id]]
Capabilities {acceptInsecureCerts: true, browserName: firefox, browserVersion: 133.0, moz:accessibilityChecks: false, moz:buildID: 20241121140525, moz:geckodriverVersion: 0.35.0, moz:headless: false, moz:platformVersion: 10.0, moz:processID: 11100, moz:profile: C:\Windows\proxy\rust_mozpr..., moz:shutdownTimeout: 60000, moz:webdriverClick: true, moz:windowless: false, optimalHubUrl: hub-aps.browserstack.com, pageLoadStrategy: normal, platformName: windows, proxy: Proxy(), setWindowRect: true, strictFileInteractability: false, timeouts: {implicit: 0, pageLoad: 300000, script: 30000}, unhandledPromptBehavior: dismiss and notify, userAgent: Mozilla/5.0 (Windows NT 10...., webdriver.remote.sessionid: 94461ddd8ae18e0f67815b6b6ec...}
Element: [[ChromeDriver: firefox on windows (94461ddd8ae18e0f67815b6b6ec9b99cb46e02e7)] -&amp;gt; xpath: //div[@id=&amp;apos;csw&amp;apos;]/div[1] //a[contains(@href, &amp;apos;https://elpais.com/opinion/&amp;apos;)]]
Session ID: 94461ddd8ae18e0f67815b6b6ec9b99cb46e02e7">
      <![CDATA[org.openqa.selenium.remote.UnreachableBrowserException: Error communicating with the remote browser. It may have died.
Build info: version: '4.27.0', revision: 'd6e718d134'
System info: os.name: 'Mac OS X', os.arch: 'aarch64', os.version: '15.0', java.version: '17.0.9'
Driver info: org.openqa.selenium.chrome.ChromeDriver
Command: [94461ddd8ae18e0f67815b6b6ec9b99cb46e02e7, clickElement [id]]
Capabilities {acceptInsecureCerts: true, browserName: firefox, browserVersion: 133.0, moz:accessibilityChecks: false, moz:buildID: 20241121140525, moz:geckodriverVersion: 0.35.0, moz:headless: false, moz:platformVersion: 10.0, moz:processID: 11100, moz:profile: C:\Windows\proxy\rust_mozpr..., moz:shutdownTimeout: 60000, moz:webdriverClick: true, moz:windowless: false, optimalHubUrl: hub-aps.browserstack.com, pageLoadStrategy: normal, platformName: windows, proxy: Proxy(), setWindowRect: true, strictFileInteractability: false, timeouts: {implicit: 0, pageLoad: 300000, script: 30000}, unhandledPromptBehavior: dismiss and notify, userAgent: Mozilla/5.0 (Windows NT 10...., webdriver.remote.sessionid: 94461ddd8ae18e0f67815b6b6ec...}
Element: [[ChromeDriver: firefox on windows (94461ddd8ae18e0f67815b6b6ec9b99cb46e02e7)] -> xpath: //div[@id='csw']/div[1] //a[contains(@href, 'https://elpais.com/opinion/')]]
Session ID: 94461ddd8ae18e0f67815b6b6ec9b99cb46e02e7
at org.openqa.selenium.remote.RemoteWebDriver.execute(RemoteWebDriver.java:572)
at org.openqa.selenium.remote.RemoteWebElement.execute(RemoteWebElement.java:223)
at org.openqa.selenium.remote.RemoteWebElement.click(RemoteWebElement.java:76)
at WebScrapingTest.scrapeArticles(WebScrapingTest.java:138)
at java.base/java.util.concurrent.Executors$RunnableAdapter.call(Executors.java:539)
at java.base/java.util.concurrent.FutureTask.run(FutureTask.java:264)
at java.base/java.util.concurrent.ThreadPoolExecutor.runWorker(ThreadPoolExecutor.java:1136)
at java.base/java.util.concurrent.ThreadPoolExecutor$Worker.run(ThreadPoolExecutor.java:635)
at java.base/java.lang.Thread.run(Thread.java:842)
Caused by: java.lang.IllegalArgumentException: Unable to find mapping for {value={message=Session not started or terminated}, sessionId=, status=13}
at org.openqa.selenium.remote.ErrorCodec.decode(ErrorCodec.java:152)
at org.openqa.selenium.remote.codec.w3c.W3CHttpResponseCodec.decode(W3CHttpResponseCodec.java:138)
at org.openqa.selenium.remote.codec.w3c.W3CHttpResponseCodec.decode(W3CHttpResponseCodec.java:50)
at org.openqa.selenium.remote.HttpCommandExecutor.execute(HttpCommandExecutor.java:190)
at org.openqa.selenium.remote.RemoteWebDriver.execute(RemoteWebDriver.java:545)
... 21 more
... Removed 13 stack frames]]>
    </failure>
  </testcase> <!-- scrapeArticles -->
  <testcase classname="WebScrapingTest" name="translateArticleHeaders" time="0.0">
    <skipped/>
  </testcase> <!-- translateArticleHeaders -->
  <testcase classname="WebScrapingTest" name="analyseTranslatedHeaders" time="0.0">
    <skipped/>
  </testcase> <!-- analyseTranslatedHeaders -->
</testsuite> <!-- WebScraping Tests-2 -->
