<?xml version="1.0" encoding="UTF-8"?>
<testsuite xmlns:xsi="http://www.w3.org/2001/XMLSchema-instance" xsi:noNamespaceSchemaLocation="https://maven.apache.org/surefire/maven-surefire-plugin/xsd/surefire-test-report.xsd" version="3.0.2" name="TestSuite" time="92.155" tests="5" errors="0" skipped="0" failures="0">
  <properties>
[...]
</properties>
  <testcase name="navigateToWebsite" classname="WebScrapingTest" time="41.785">
    <system-out><![CDATA[*************************Chrome Browser Invoked!*************************
WebDriver initialized for: Chrome
Navigated to: https://elpais.com/
Clicked on WEB Notice!
]]></system-out>
    <system-err><![CDATA[SLF4J: Failed to load class "org.slf4j.impl.StaticLoggerBinder".
SLF4J: Defaulting to no-operation (NOP) logger implementation
SLF4J: See http://www.slf4j.org/codes.html#StaticLoggerBinder for further details.
Dec 25, 2024 3:58:22 PM org.openqa.selenium.devtools.CdpVersionFinder findNearestMatch
WARNING: Unable to find an exact match for CDP version 133, returning the closest version; found: 131; Please update to a Selenium version that supports CDP version 133
]]></system-err>
  </testcase>
  <testcase name="verifyLanguage" classname="WebScrapingTest" time="0.227">
    <system-out><![CDATA[Default language is Spanish
]]></system-out>
  </testcase>
  <testcase name="scrapeArticles" classname="WebScrapingTest" time="9.531">
    <system-out><![CDATA[Opinion option clicked:

Articles scraped from Opinion section!:

Image Folder cleared successfully!
Article Headline:	Felipe VI: la exigencia del bien común
Article Content:	El discurso del Rey homenajea a los afectados por la dana, reclama un acceso a la vivienda “en condiciones asumibles”, y reivindica la dignidad de los inmigrantes y los valores sociales de la democracia

Image URL:	https://imagenes.elpais.com/resizer/v2/Q6XAOHWGGVFCHLHSJOVDLAA7SE.jpg?auth=f797c1d7b9c03879f5d11801a8041ab216bea9abefd0a45916e302224ff464d0&width=414

---------------Image Saved Successfully!---------------

Image URL:	https://imagenes.elpais.com/resizer/v2/MENB7YWVLREHXBY4LBVNWZIIR4.jpg?auth=ac099e45937dabab4a74335d0aff09395f789fb53fed71c0b876f0ca8f8fc872&width=414&height=233&smart=true

---------------Image Saved Successfully!---------------

Image URL:	https://imagenes.elpais.com/resizer/v2/MFLDESMSEFDAZLW7FXE7E22AJ4.JPG?auth=f42c2913c455ba9a723e1d847f769382dfb08073e804aa0196b19765121b7cb0&width=414&height=233&focal=1230%2C240

---------------Image Saved Successfully!---------------

*********************************************************

Article Headline:	El año de Sánchez
Article Content:	La buena marcha de la Economía compite en España con el ruido político generado por la oposición desde el comienzo de la legislatura

Image URL:	https://imagenes.elpais.com/resizer/v2/Q6XAOHWGGVFCHLHSJOVDLAA7SE.jpg?auth=f797c1d7b9c03879f5d11801a8041ab216bea9abefd0a45916e302224ff464d0&width=414

---------------Image Saved Successfully!---------------

Image URL:	https://imagenes.elpais.com/resizer/v2/MENB7YWVLREHXBY4LBVNWZIIR4.jpg?auth=ac099e45937dabab4a74335d0aff09395f789fb53fed71c0b876f0ca8f8fc872&width=414&height=233&smart=true

---------------Image Saved Successfully!---------------

Image URL:	https://imagenes.elpais.com/resizer/v2/MFLDESMSEFDAZLW7FXE7E22AJ4.JPG?auth=f42c2913c455ba9a723e1d847f769382dfb08073e804aa0196b19765121b7cb0&width=414&height=233&focal=1230%2C240

---------------Image Saved Successfully!---------------

*********************************************************

Article Headline:	Lo admito, la Tierra es esférica
Article Content:	No es buena idea confundir la coherencia con la cabezonería, y no hace falta viajar a la Antártida para comprobar que el planeta no es un disco

Image URL:	https://imagenes.elpais.com/resizer/v2/Q6XAOHWGGVFCHLHSJOVDLAA7SE.jpg?auth=f797c1d7b9c03879f5d11801a8041ab216bea9abefd0a45916e302224ff464d0&width=414

---------------Image Saved Successfully!---------------

Image URL:	https://imagenes.elpais.com/resizer/v2/MENB7YWVLREHXBY4LBVNWZIIR4.jpg?auth=ac099e45937dabab4a74335d0aff09395f789fb53fed71c0b876f0ca8f8fc872&width=414&height=233&smart=true

---------------Image Saved Successfully!---------------

Image URL:	https://imagenes.elpais.com/resizer/v2/MFLDESMSEFDAZLW7FXE7E22AJ4.JPG?auth=f42c2913c455ba9a723e1d847f769382dfb08073e804aa0196b19765121b7cb0&width=414&height=233&focal=1230%2C240

---------------Image Saved Successfully!---------------

*********************************************************

Article Headline:	El gobierno de los millonarios
Article Content:	Por vez primera, los dueños de inmensos monopolios, digitales o no, han llegado directamente al poder político para defender sus intereses

Image URL:	https://imagenes.elpais.com/resizer/v2/Q6XAOHWGGVFCHLHSJOVDLAA7SE.jpg?auth=f797c1d7b9c03879f5d11801a8041ab216bea9abefd0a45916e302224ff464d0&width=414

---------------Image Saved Successfully!---------------

Image URL:	https://imagenes.elpais.com/resizer/v2/MENB7YWVLREHXBY4LBVNWZIIR4.jpg?auth=ac099e45937dabab4a74335d0aff09395f789fb53fed71c0b876f0ca8f8fc872&width=414&height=233&smart=true

---------------Image Saved Successfully!---------------

Image URL:	https://imagenes.elpais.com/resizer/v2/MFLDESMSEFDAZLW7FXE7E22AJ4.JPG?auth=f42c2913c455ba9a723e1d847f769382dfb08073e804aa0196b19765121b7cb0&width=414&height=233&focal=1230%2C240

---------------Image Saved Successfully!---------------

*********************************************************

Article Headline:	‘Las tres fronteras’
Article Content:	Este proyecto fotográfico documenta los límites entre Malí, Níger y Burkina Faso, epicentro del conflicto que devasta el Sahel

Image URL:	https://imagenes.elpais.com/resizer/v2/Q6XAOHWGGVFCHLHSJOVDLAA7SE.jpg?auth=f797c1d7b9c03879f5d11801a8041ab216bea9abefd0a45916e302224ff464d0&width=414

---------------Image Saved Successfully!---------------

Image URL:	https://imagenes.elpais.com/resizer/v2/MENB7YWVLREHXBY4LBVNWZIIR4.jpg?auth=ac099e45937dabab4a74335d0aff09395f789fb53fed71c0b876f0ca8f8fc872&width=414&height=233&smart=true

---------------Image Saved Successfully!---------------

Image URL:	https://imagenes.elpais.com/resizer/v2/MFLDESMSEFDAZLW7FXE7E22AJ4.JPG?auth=f42c2913c455ba9a723e1d847f769382dfb08073e804aa0196b19765121b7cb0&width=414&height=233&focal=1230%2C240

---------------Image Saved Successfully!---------------

*********************************************************

]]></system-out>
  </testcase>
  <testcase name="translateArticleHeaders" classname="WebScrapingTest" time="3.036">
    <system-out><![CDATA[
************* Translated Headers: *************

Spanish Header:	Felipe VI: la exigencia del bien común
Request method:	POST
Request URI:	https://ultra-fast-translation.p.rapidapi.com/t
Proxy:			<none>
Request params:	<none>
Query params:	<none>
Form params:	<none>
Path params:	<none>
Headers:		X-RapidAPI-Host=ultra-fast-translation.p.rapidapi.com
				X-RapidAPI-Key=c2432b444dmsh909f603234f0c69p1a0e09jsne64b3c285be3
				Accept=*/*
				Content-Type=application/json
Cookies:		<none>
Multiparts:		<none>
Body:
{
    "q": "Felipe VI la exigencia del bien comn",
    "e": "",
    "from": "es",
    "to": "en"
}
HTTP/1.1 200 OK
Date: Wed, 25 Dec 2024 10:29:32 GMT
Content-Type: application/json; charset=utf-8
Transfer-Encoding: chunked
Connection: keep-alive
Expires: Mon, 01 Jan 1990 00:00:00 GMT
Content-Encoding: gzip
Cache-Control: no-cache, no-store, max-age=0, must-revalidate
Cross-Origin-Resource-Policy: cross-origin
Pragma: no-cache
Accept-CH: Sec-CH-UA-Arch, Sec-CH-UA-Bitness, Sec-CH-UA-Full-Version, Sec-CH-UA-Full-Version-List, Sec-CH-UA-Model, Sec-CH-UA-WoW64, Sec-CH-UA-Form-Factors, Sec-CH-UA-Platform, Sec-CH-UA-Platform-Version
Alt-Svc: h3=":443"; ma=2592000,h3-29=":443"; ma=2592000
Cross-Origin-Opener-Policy: same-origin
Permissions-Policy: ch-ua-arch=*, ch-ua-bitness=*, ch-ua-full-version=*, ch-ua-full-version-list=*, ch-ua-model=*, ch-ua-wow64=*, ch-ua-form-factors=*, ch-ua-platform=*, ch-ua-platform-version=*
Access-Control-Allow-Origin: *
Content-Security-Policy: script-src 'report-sample' 'nonce-fRbvKU2lTB_tLq5j19RdbA' 'unsafe-inline';object-src 'none';base-uri 'self';report-uri /_/TranslateApiHttp/cspreport;worker-src 'self'
Content-Security-Policy: require-trusted-types-for 'script';report-uri /_/TranslateApiHttp/cspreport
X-XSS-Protection: 0
reporting-endpoints: default="/_/TranslateApiHttp/web-reports?context=eJzjktDikmLw0ZBicEqfwRoCxH9krrJ6911lFeLh6Nm7fjebwIttjesZlZSS8gvjS4oS84pzEktSi1OLylKL4o0MjEwMjQzN9Aws4gsMAJUqGNA"
Content-Disposition: attachment; filename="json.txt"; filename*=UTF-8''json.txt
X-Content-Type-Options: nosniff
X-Frame-Options: SAMEORIGIN
X-RateLimit-rapid-free-plans-hard-limit-Limit: 500000
X-RateLimit-rapid-free-plans-hard-limit-Remaining: 499648
X-RateLimit-rapid-free-plans-hard-limit-Reset: 1837548
Server: RapidAPI-1.2.8
X-RapidAPI-Version: 1.2.8
X-RapidAPI-Region: AWS - ap-southeast-1
X-RapidAPI-Request-Id: e08b9571b80b9613603f0f297bf8148b3e9a13fb8b6203b4c7601e345f745ea4

[
    "Felipe VI the demand for the common good"
]
English Header:	Felipe VI the demand for the common good
--------------------------------------------------------------------------------
Spanish Header:	El año de Sánchez
Request method:	POST
Request URI:	https://ultra-fast-translation.p.rapidapi.com/t
Proxy:			<none>
Request params:	<none>
Query params:	<none>
Form params:	<none>
Path params:	<none>
Headers:		X-RapidAPI-Host=ultra-fast-translation.p.rapidapi.com
				X-RapidAPI-Key=c2432b444dmsh909f603234f0c69p1a0e09jsne64b3c285be3
				Accept=*/*
				Content-Type=application/json
Cookies:		<none>
Multiparts:		<none>
Body:
{
    "q": "El ao de Snchez",
    "e": "",
    "from": "es",
    "to": "en"
}
HTTP/1.1 200 OK
Date: Wed, 25 Dec 2024 10:29:32 GMT
Content-Type: application/json; charset=utf-8
Transfer-Encoding: chunked
Connection: keep-alive
Expires: Mon, 01 Jan 1990 00:00:00 GMT
Cache-Control: no-cache, no-store, max-age=0, must-revalidate
Content-Encoding: gzip
Cross-Origin-Resource-Policy: cross-origin
Pragma: no-cache
Accept-CH: Sec-CH-UA-Arch, Sec-CH-UA-Bitness, Sec-CH-UA-Full-Version, Sec-CH-UA-Full-Version-List, Sec-CH-UA-Model, Sec-CH-UA-WoW64, Sec-CH-UA-Form-Factors, Sec-CH-UA-Platform, Sec-CH-UA-Platform-Version
Alt-Svc: h3=":443"; ma=2592000,h3-29=":443"; ma=2592000
Cross-Origin-Opener-Policy: same-origin
Content-Security-Policy: require-trusted-types-for 'script';report-uri /_/TranslateApiHttp/cspreport
Content-Security-Policy: script-src 'report-sample' 'nonce-Je6v4lhfsNCE3Q3dnM-pag' 'unsafe-inline';object-src 'none';base-uri 'self';report-uri /_/TranslateApiHttp/cspreport;worker-src 'self'
Access-Control-Allow-Origin: *
X-XSS-Protection: 0
reporting-endpoints: default="/_/TranslateApiHttp/web-reports?context=eJzjktDikmJw1JBicEqfwRoCxH9krrJ6911lFeLh6Nm7fjebwITFM1czKykl5RfGlxQl5hXnJJakFqcWlaUWxRsZGJkYGhma6RlYxBcYAACEchhw"
Permissions-Policy: ch-ua-arch=*, ch-ua-bitness=*, ch-ua-full-version=*, ch-ua-full-version-list=*, ch-ua-model=*, ch-ua-wow64=*, ch-ua-form-factors=*, ch-ua-platform=*, ch-ua-platform-version=*
Content-Disposition: attachment; filename="json.txt"; filename*=UTF-8''json.txt
X-Content-Type-Options: nosniff
X-Frame-Options: SAMEORIGIN
X-RateLimit-rapid-free-plans-hard-limit-Limit: 500000
X-RateLimit-rapid-free-plans-hard-limit-Remaining: 499647
X-RateLimit-rapid-free-plans-hard-limit-Reset: 1837548
Server: RapidAPI-1.2.8
X-RapidAPI-Version: 1.2.8
X-RapidAPI-Region: AWS - ap-southeast-1
X-RapidAPI-Request-Id: 53b95ce57b393bff9fb965c8374fe25343a292035dd376f683bbbb9c94fbea02

[
    "The year of Sánchez"
]
English Header:	The year of Sánchez
--------------------------------------------------------------------------------
Spanish Header:	Lo admito, la Tierra es esférica
Request method:	POST
Request URI:	https://ultra-fast-translation.p.rapidapi.com/t
Proxy:			<none>
Request params:	<none>
Query params:	<none>
Form params:	<none>
Path params:	<none>
Headers:		X-RapidAPI-Host=ultra-fast-translation.p.rapidapi.com
				X-RapidAPI-Key=c2432b444dmsh909f603234f0c69p1a0e09jsne64b3c285be3
				Accept=*/*
				Content-Type=application/json
Cookies:		<none>
Multiparts:		<none>
Body:
{
    "q": "Lo admito la Tierra es esfrica",
    "e": "",
    "from": "es",
    "to": "en"
}
HTTP/1.1 200 OK
Date: Wed, 25 Dec 2024 10:29:33 GMT
Content-Type: application/json; charset=utf-8
Transfer-Encoding: chunked
Connection: keep-alive
Expires: Mon, 01 Jan 1990 00:00:00 GMT
Content-Encoding: gzip
Cache-Control: no-cache, no-store, max-age=0, must-revalidate
Cross-Origin-Resource-Policy: cross-origin
Pragma: no-cache
Accept-CH: Sec-CH-UA-Arch, Sec-CH-UA-Bitness, Sec-CH-UA-Full-Version, Sec-CH-UA-Full-Version-List, Sec-CH-UA-Model, Sec-CH-UA-WoW64, Sec-CH-UA-Form-Factors, Sec-CH-UA-Platform, Sec-CH-UA-Platform-Version
Alt-Svc: h3=":443"; ma=2592000,h3-29=":443"; ma=2592000
Cross-Origin-Opener-Policy: same-origin
Permissions-Policy: ch-ua-arch=*, ch-ua-bitness=*, ch-ua-full-version=*, ch-ua-full-version-list=*, ch-ua-model=*, ch-ua-wow64=*, ch-ua-form-factors=*, ch-ua-platform=*, ch-ua-platform-version=*
Access-Control-Allow-Origin: *
Content-Security-Policy: require-trusted-types-for 'script';report-uri /_/TranslateApiHttp/cspreport
Content-Security-Policy: script-src 'report-sample' 'nonce-BqWYMPu70y3kBSxxbXqQ3w' 'unsafe-inline';object-src 'none';base-uri 'self';report-uri /_/TranslateApiHttp/cspreport;worker-src 'self'
X-XSS-Protection: 0
reporting-endpoints: default="/_/TranslateApiHttp/web-reports?context=eJzjktDikmJw0JBicEqfwRoCxH9krrJ6911lFeLh6N27fjebwIvf2_czKikl5RfGlxQl5hXnJJakFqcWlaUWxRsZGJkYGhma6RlYxBcYAACncxlQ"
Content-Disposition: attachment; filename="json.txt"; filename*=UTF-8''json.txt
X-Content-Type-Options: nosniff
X-Frame-Options: SAMEORIGIN
X-RateLimit-rapid-free-plans-hard-limit-Limit: 500000
X-RateLimit-rapid-free-plans-hard-limit-Remaining: 499646
X-RateLimit-rapid-free-plans-hard-limit-Reset: 1837547
Server: RapidAPI-1.2.8
X-RapidAPI-Version: 1.2.8
X-RapidAPI-Region: AWS - ap-southeast-1
X-RapidAPI-Request-Id: 86ddb9518cbbb5a956428cb193b6e80de5cebdc19e27fd54f5c6285508d369e7

[
    "I admit it the Earth is spherical"
]
English Header:	I admit it the Earth is spherical
--------------------------------------------------------------------------------
Spanish Header:	El gobierno de los millonarios
Request method:	POST
Request URI:	https://ultra-fast-translation.p.rapidapi.com/t
Proxy:			<none>
Request params:	<none>
Query params:	<none>
Form params:	<none>
Path params:	<none>
Headers:		X-RapidAPI-Host=ultra-fast-translation.p.rapidapi.com
				X-RapidAPI-Key=c2432b444dmsh909f603234f0c69p1a0e09jsne64b3c285be3
				Accept=*/*
				Content-Type=application/json
Cookies:		<none>
Multiparts:		<none>
Body:
{
    "q": "El gobierno de los millonarios",
    "e": "",
    "from": "es",
    "to": "en"
}
HTTP/1.1 200 OK
Date: Wed, 25 Dec 2024 10:29:33 GMT
Content-Type: application/json; charset=utf-8
Transfer-Encoding: chunked
Connection: keep-alive
Expires: Mon, 01 Jan 1990 00:00:00 GMT
Cache-Control: no-cache, no-store, max-age=0, must-revalidate
Content-Encoding: gzip
Cross-Origin-Resource-Policy: cross-origin
Pragma: no-cache
Accept-CH: Sec-CH-UA-Arch, Sec-CH-UA-Bitness, Sec-CH-UA-Full-Version, Sec-CH-UA-Full-Version-List, Sec-CH-UA-Model, Sec-CH-UA-WoW64, Sec-CH-UA-Form-Factors, Sec-CH-UA-Platform, Sec-CH-UA-Platform-Version
Alt-Svc: h3=":443"; ma=2592000,h3-29=":443"; ma=2592000
Cross-Origin-Opener-Policy: same-origin
Permissions-Policy: ch-ua-arch=*, ch-ua-bitness=*, ch-ua-full-version=*, ch-ua-full-version-list=*, ch-ua-model=*, ch-ua-wow64=*, ch-ua-form-factors=*, ch-ua-platform=*, ch-ua-platform-version=*
Access-Control-Allow-Origin: *
X-XSS-Protection: 0
reporting-endpoints: default="/_/TranslateApiHttp/web-reports?context=eJzjktDikmJw0JBicEqfwRoCxH9krrJ6911lFeLh6N27fjebwI0t3TuZlZSS8gvjS4oS84pzEktSi1OLylKL4o0MjEwMjQzN9Aws4gsMAJJ9GMk"
Content-Security-Policy: require-trusted-types-for 'script';report-uri /_/TranslateApiHttp/cspreport
Content-Security-Policy: script-src 'report-sample' 'nonce-ncbx6mpkQU49PrNnL822Yg' 'unsafe-inline';object-src 'none';base-uri 'self';report-uri /_/TranslateApiHttp/cspreport;worker-src 'self'
Content-Disposition: attachment; filename="json.txt"; filename*=UTF-8''json.txt
X-Content-Type-Options: nosniff
X-Frame-Options: SAMEORIGIN
X-RateLimit-rapid-free-plans-hard-limit-Limit: 500000
X-RateLimit-rapid-free-plans-hard-limit-Remaining: 499645
X-RateLimit-rapid-free-plans-hard-limit-Reset: 1837547
Server: RapidAPI-1.2.8
X-RapidAPI-Version: 1.2.8
X-RapidAPI-Region: AWS - ap-southeast-1
X-RapidAPI-Request-Id: 16f09f7b1fb10ec0024b909cfd09c5a331c3b760bb071db18cc882b7d39f0d8d

[
    "The government of the millionaires"
]
English Header:	The government of the millionaires
--------------------------------------------------------------------------------
Spanish Header:	‘Las tres fronteras’
Request method:	POST
Request URI:	https://ultra-fast-translation.p.rapidapi.com/t
Proxy:			<none>
Request params:	<none>
Query params:	<none>
Form params:	<none>
Path params:	<none>
Headers:		X-RapidAPI-Host=ultra-fast-translation.p.rapidapi.com
				X-RapidAPI-Key=c2432b444dmsh909f603234f0c69p1a0e09jsne64b3c285be3
				Accept=*/*
				Content-Type=application/json
Cookies:		<none>
Multiparts:		<none>
Body:
{
    "q": "Las tres fronteras",
    "e": "",
    "from": "es",
    "to": "en"
}
HTTP/1.1 200 OK
Date: Wed, 25 Dec 2024 10:29:34 GMT
Content-Type: application/json; charset=utf-8
Transfer-Encoding: chunked
Connection: keep-alive
Expires: Mon, 01 Jan 1990 00:00:00 GMT
Content-Encoding: gzip
Cache-Control: no-cache, no-store, max-age=0, must-revalidate
Cross-Origin-Resource-Policy: cross-origin
Pragma: no-cache
Accept-CH: Sec-CH-UA-Arch, Sec-CH-UA-Bitness, Sec-CH-UA-Full-Version, Sec-CH-UA-Full-Version-List, Sec-CH-UA-Model, Sec-CH-UA-WoW64, Sec-CH-UA-Form-Factors, Sec-CH-UA-Platform, Sec-CH-UA-Platform-Version
Alt-Svc: h3=":443"; ma=2592000,h3-29=":443"; ma=2592000
Cross-Origin-Opener-Policy: same-origin
Permissions-Policy: ch-ua-arch=*, ch-ua-bitness=*, ch-ua-full-version=*, ch-ua-full-version-list=*, ch-ua-model=*, ch-ua-wow64=*, ch-ua-form-factors=*, ch-ua-platform=*, ch-ua-platform-version=*
Access-Control-Allow-Origin: *
Content-Security-Policy: require-trusted-types-for 'script';report-uri /_/TranslateApiHttp/cspreport
Content-Security-Policy: script-src 'report-sample' 'nonce-T98JSAgw7io4LwwHayA5yg' 'unsafe-inline';object-src 'none';base-uri 'self';report-uri /_/TranslateApiHttp/cspreport;worker-src 'self'
X-XSS-Protection: 0
reporting-endpoints: default="/_/TranslateApiHttp/web-reports?context=eJzjktDikmLw15BicEqfwRoCxH9krrJ6911lFeLh6Nu7fjebwI-rS48wKikl5RfGlxQl5hXnJJakFqcWlaUWxRsZGJkYGhma6RlYxBcYAACmXBk9"
Content-Disposition: attachment; filename="json.txt"; filename*=UTF-8''json.txt
X-Content-Type-Options: nosniff
X-Frame-Options: SAMEORIGIN
X-RateLimit-rapid-free-plans-hard-limit-Limit: 500000
X-RateLimit-rapid-free-plans-hard-limit-Remaining: 499644
X-RateLimit-rapid-free-plans-hard-limit-Reset: 1837546
Server: RapidAPI-1.2.8
X-RapidAPI-Version: 1.2.8
X-RapidAPI-Region: AWS - ap-southeast-1
X-RapidAPI-Request-Id: 7ec85913ff26fa88739ac8adb96ee0a3402d851cfee5a627e2a8415072f37b2b

[
    "The three borders"
]
English Header:	The three borders
--------------------------------------------------------------------------------
]]></system-out>
  </testcase>
  <testcase name="analyseTranslatedHeaders" classname="WebScrapingTest" time="0.051">
    <system-out><![CDATA[Combined headers in a string:	 felipe vi the demand for the common good the year of sánchez i admit it the earth is spherical the government of the millionaires the three borders 
Repeated Word:	the	Occurrence:	7
Repeated Word:	of	Occurrence:	2
]]></system-out>
  </testcase>
</testsuite>