<?xml version="1.0" encoding="UTF-8"?>
<testng-results ignored="0" total="5" passed="5" failed="0" skipped="0">
  <reporter-output>
  </reporter-output>
  <suite started-at="2024-12-25T15:58:04 IST" name="WebScraping Suite" finished-at="2024-12-25T15:59:36 IST" duration-ms="91643">
    <groups>
    </groups>
    <test started-at="2024-12-25T15:58:04 IST" name="WebScraping Tests-0" finished-at="2024-12-25T15:59:36 IST" duration-ms="91643">
      <class name="WebScrapingTest">
        <test-method is-config="true" signature="setup()[pri:0, instance:WebScrapingTest@7923f5b3]" started-at="2024-12-25T15:58:04 IST" name="setup" finished-at="2024-12-25T15:58:39 IST" duration-ms="34964" status="PASS">
          <reporter-output>
          </reporter-output>
        </test-method> <!-- setup -->
        <test-method signature="navigateToWebsite()[pri:1, instance:WebScrapingTest@7923f5b3]" started-at="2024-12-25T15:58:39 IST" name="navigateToWebsite" description="Visit the website El País, a Spanish news outlet." finished-at="2024-12-25T15:59:21 IST" duration-ms="41555" status="PASS">
          <reporter-output>
          </reporter-output>
        </test-method> <!-- navigateToWebsite -->
        <test-method signature="verifyLanguage()[pri:2, instance:WebScrapingTest@7923f5b3]" started-at="2024-12-25T15:59:21 IST" name="verifyLanguage" description="Ensure that the website&#039;s text is displayed in Spanish." finished-at="2024-12-25T15:59:21 IST" depends-on-methods="WebScrapingTest.navigateToWebsite" duration-ms="182" status="PASS">
          <reporter-output>
          </reporter-output>
        </test-method> <!-- verifyLanguage -->
        <test-method signature="scrapeArticles()[pri:3, instance:WebScrapingTest@7923f5b3]" started-at="2024-12-25T15:59:21 IST" name="scrapeArticles" description="Scrape Articles from the Opinion Section" finished-at="2024-12-25T15:59:31 IST" depends-on-methods="WebScrapingTest.verifyLanguage" duration-ms="9486" status="PASS">
          <reporter-output>
          </reporter-output>
        </test-method> <!-- scrapeArticles -->
        <test-method signature="translateArticleHeaders()[pri:4, instance:WebScrapingTest@7923f5b3]" started-at="2024-12-25T15:59:31 IST" name="translateArticleHeaders" description="Translate Article Headers" finished-at="2024-12-25T15:59:34 IST" depends-on-methods="WebScrapingTest.scrapeArticles" duration-ms="2994" status="PASS">
          <reporter-output>
          </reporter-output>
        </test-method> <!-- translateArticleHeaders -->
        <test-method signature="analyseTranslatedHeaders()[pri:5, instance:WebScrapingTest@7923f5b3]" started-at="2024-12-25T15:59:34 IST" name="analyseTranslatedHeaders" description="Analyze Translated Headers" finished-at="2024-12-25T15:59:34 IST" depends-on-methods="WebScrapingTest.translateArticleHeaders" duration-ms="26" status="PASS">
          <reporter-output>
          </reporter-output>
        </test-method> <!-- analyseTranslatedHeaders -->
        <test-method is-config="true" signature="closeBrowser()[pri:0, instance:WebScrapingTest@7923f5b3]" started-at="2024-12-25T15:59:34 IST" name="closeBrowser" finished-at="2024-12-25T15:59:36 IST" duration-ms="1973" status="PASS">
          <reporter-output>
          </reporter-output>
        </test-method> <!-- closeBrowser -->
      </class> <!-- WebScrapingTest -->
    </test> <!-- WebScraping Tests-0 -->
  </suite> <!-- WebScraping Suite -->
</testng-results>
